Build started 10/04/2013 22:57:38.
     1>Project "C:\Users\Ryan\Documents\Visual Studio 2012\Projects\Zom-Bit\Zom-Bit\Zom-Bit.vcxproj" on node 2 (Build target(s)).
     1>ClCompile:
         C:\Program Files (x86)\Microsoft Visual Studio 11.0\VC\bin\CL.exe /c /I"C:\Program Files (x86)\Microsoft DirectX SDK (June 2010)\Lib\x86" /ZI /nologo /W3 /WX- /Od /Oy- /D _MBCS /Gm /EHsc /RTC1 /MDd /GS /fp:precise /Zc:wchar_t /Zc:forScope /Fo"Debug\\" /Fd"Debug\vc110.pdb" /Gd /TP /analyze- /errorReport:prompt Code\main.cpp
         main.cpp
       Link:
         C:\Program Files (x86)\Microsoft Visual Studio 11.0\VC\bin\link.exe /ERRORREPORT:PROMPT /OUT:"C:\Users\Ryan\Documents\Visual Studio 2012\Projects\Zom-Bit\Debug\Zom-Bit.exe" /INCREMENTAL /NOLOGO /LIBPATH:"C:\Program Files (x86)\Microsoft DirectX SDK (June 2010)\Lib\x86" d3dx9.lib d3d9.lib DXUTOpt.lib winmm.lib dxerr.lib kernel32.lib user32.lib gdi32.lib winspool.lib comdlg32.lib advapi32.lib shell32.lib ole32.lib oleaut32.lib uuid.lib odbc32.lib odbccp32.lib kernel32.lib user32.lib gdi32.lib winspool.lib comdlg32.lib advapi32.lib shell32.lib ole32.lib oleaut32.lib uuid.lib odbc32.lib odbccp32.lib /MANIFEST:NO /DEBUG /PDB:"C:\Users\Ryan\Documents\Visual Studio 2012\Projects\Zom-Bit\Debug\Zom-Bit.pdb" /TLBID:1 /DYNAMICBASE /NXCOMPAT /IMPLIB:"C:\Users\Ryan\Documents\Visual Studio 2012\Projects\Zom-Bit\Debug\Zom-Bit.lib" /MACHINE:X86 Debug\GameResources.res
         Debug\cD3DManager.obj
         Debug\cD3DXFont.obj
         Debug\cD3DXSpriteMgr.obj
         Debug\cD3DXTexture.obj
         Debug\cExplosion.obj
         Debug\Character.obj
         Debug\cSprite.obj
         Debug\cXAudio.obj
         Debug\main.obj
         Debug\Projectile.obj
         Code\DXUT.lib
         Code\DXUTOpt.lib
         Zom-Bit.vcxproj -> C:\Users\Ryan\Documents\Visual Studio 2012\Projects\Zom-Bit\Debug\Zom-Bit.exe
     1>Done Building Project "C:\Users\Ryan\Documents\Visual Studio 2012\Projects\Zom-Bit\Zom-Bit\Zom-Bit.vcxproj" (Build target(s)).

Build succeeded.

Time Elapsed 00:00:02.20
